<?xml version="1.0" encoding="UTF-8"?>
<!-- Generated by org.testng.reporters.JUnitReportReporter -->
<testsuite skipped="0" hostname="karusala" name="firstLevel.mathsExamplesTest" tests="1" failures="0" timestamp="27 Jun 2019 17:03:48 GMT" time="0.077" errors="0">
  <testcase name="whatyouwillgive" time="0.077" classname="firstLevel.mathsExamplesTest"/>
</testsuite> <!-- firstLevel.mathsExamplesTest -->
